c:\users\dd\desktop\c_loader\release\vc143.pdb
c:\users\dd\desktop\c_loader\release\main.obj
c:\users\dd\desktop\c_loader\release\imgui_widgets.obj
c:\users\dd\desktop\c_loader\release\imgui_tables.obj
c:\users\dd\desktop\c_loader\release\imgui_impl_win32.obj
c:\users\dd\desktop\c_loader\release\imgui_impl_dx9.obj
c:\users\dd\desktop\c_loader\release\imgui_draw.obj
c:\users\dd\desktop\c_loader\release\imgui_demo.obj
c:\users\dd\desktop\c_loader\release\imgui.obj
c:\users\dd\desktop\c_loader\release\gamesense.exe
c:\users\dd\desktop\c_loader\release\gamesense.pdb
c:\users\dd\desktop\c_loader\release\gamesense.ipdb
c:\users\dd\desktop\c_loader\release\gamesense.iobj
c:\users\nhayo\onedrive\desktop\c++_loader\release\imgui.obj
c:\users\nhayo\onedrive\desktop\c++_loader\release\imgui_demo.obj
c:\users\nhayo\onedrive\desktop\c++_loader\release\imgui_draw.obj
c:\users\nhayo\onedrive\desktop\c++_loader\release\imgui_impl_dx9.obj
c:\users\nhayo\onedrive\desktop\c++_loader\release\imgui_impl_win32.obj
c:\users\nhayo\onedrive\desktop\c++_loader\release\imgui_tables.obj
c:\users\nhayo\onedrive\desktop\c++_loader\release\imgui_widgets.obj
c:\users\nhayo\onedrive\desktop\c++_loader\release\main.obj
c:\users\nhayo\onedrive\desktop\c++_loader\release\gamesense.ipdb
c:\users\nhayo\onedrive\desktop\c++_loader\release\gamesense.iobj
c:\users\nhayo\onedrive\desktop\c++_loader\release\gamesense.pdb
c:\users\nhayo\onedrive\desktop\c++_loader\release\vc143.pdb
c:\users\nhayo\onedrive\desktop\c++_loader\release\gamesense.exe
c:\users\nhayo\onedrive\desktop\c++_loader\release\loader g.82212cf7.tlog\cl.command.1.tlog
c:\users\nhayo\onedrive\desktop\c++_loader\release\loader g.82212cf7.tlog\cl.read.1.tlog
c:\users\nhayo\onedrive\desktop\c++_loader\release\loader g.82212cf7.tlog\cl.write.1.tlog
c:\users\nhayo\onedrive\desktop\c++_loader\release\loader g.82212cf7.tlog\link.command.1.tlog
c:\users\nhayo\onedrive\desktop\c++_loader\release\loader g.82212cf7.tlog\link.read.1.tlog
c:\users\nhayo\onedrive\desktop\c++_loader\release\loader g.82212cf7.tlog\link.write.1.tlog
c:\users\nhayo\onedrive\desktop\c++_loader\release\loader g.82212cf7.tlog\loader gamesense.fun.write.1u.tlog
